Device:              cuda
Training data:       200 trajectories × 300 pts = 60,000 total
Phase A (data):      5,000 epochs  (lambda=0)
Phase B (joint):     25,000 epochs  (lambda 0.01 -> 1.0)
Collocation:         2000 pts/batch  (30% near burnout=25s)

Generating 200 training trajectories via LHS...
  25/200 done
  50/200 done
  75/200 done
  100/200 done
  125/200 done
  150/200 done
  175/200 done
  200/200 done
Training data: 60,000 points (200 trajectories × 300 pts)

   Epoch |  Phase |    L_total |     L_data |     L_phys |   lambda
------------------------------------------------------------------------
       1 |   data |   0.377481 |   0.377481 |   0.000000 |   0.0000
   2,000 |   data |   0.000195 |   0.000195 |   0.000000 |   0.0000
   4,000 |   data |   0.000087 |   0.000087 |   0.000000 |   0.0000
   5,000 |   data |   0.000032 |   0.000032 |   0.000000 |   0.0000
   6,000 |   phys |   0.000058 |   0.000029 |   0.002410 |   0.0120
   8,000 |   phys |   0.000118 |   0.000070 |   0.002728 |   0.0174
  10,000 |   phys |   0.000442 |   0.000269 |   0.006880 |   0.0251
  12,000 |   phys |   0.000139 |   0.000038 |   0.002764 |   0.0363
  14,000 |   phys |   0.000138 |   0.000043 |   0.001816 |   0.0525
  16,000 |   phys |   0.000108 |   0.000013 |   0.001257 |   0.0759
  18,000 |   phys |   0.000380 |   0.000031 |   0.003179 |   0.1096
  20,000 |   phys |   0.000170 |   0.000018 |   0.000964 |   0.1585
  22,000 |   phys |   0.000137 |   0.000015 |   0.000530 |   0.2291
  24,000 |   phys |   0.000300 |   0.000005 |   0.000891 |   0.3311
  26,000 |   phys |   0.000146 |   0.000003 |   0.000300 |   0.4786
  28,000 |   phys |   0.000275 |   0.000003 |   0.000393 |   0.6918
  30,000 |   phys |   0.000103 |   0.000002 |   0.000101 |   1.0000

Model saved -> models/pinn_param_v1.pt
Loss curve  -> logs/pinn_param_loss_curve.png
